<?xml version="1.0" encoding="UTF-8"?>
<!-- Generated by org.testng.reporters.JUnitReportReporter -->
<testsuite hostname="WDSLT222" failures="0" tests="1" name="TC.tc5_1" time="3.843" errors="0" timestamp="2023-06-27T15:21:15 EDT" skipped="0">
  <testcase classname="TC.tc5_1" name="testVINSearchPassChrome" time="3.843"/>
  <system-out/>
</testsuite> <!-- TC.tc5_1 -->
