<?xml version="1.0" encoding="UTF-8"?>
<!-- Generated by org.testng.reporters.JUnitReportReporter -->
<testsuite hostname="WDSLT222" failures="0" tests="3" name="TC.tc5_2" time="17.382" errors="0" timestamp="2023-06-28T14:20:43 EDT" skipped="0">
  <testcase classname="TC.tc5_2" name="searchButtonTestChome" time="6.313"/>
  <system-out/>
  <testcase classname="TC.tc5_2" name="searchButtonTestEdge" time="5.274"/>
  <system-out/>
  <testcase classname="TC.tc5_2" name="searchButtonTestFirefox" time="5.795"/>
  <system-out/>
</testsuite> <!-- TC.tc5_2 -->
