<?xml version="1.0" encoding="UTF-8"?>
<!-- Generated by org.testng.reporters.JUnitReportReporter -->
<testsuite hostname="WDSLT222" failures="0" tests="3" name="TC.tc4_1" time="21.143" errors="0" timestamp="2023-06-21T14:20:12 EDT" skipped="0">
  <testcase classname="TC.tc4_1" name="testPrintCenterWidgetChrome" time="5.601"/>
  <system-out/>
  <testcase classname="TC.tc4_1" name="testPrintCenterWidgetEdge" time="7.655"/>
  <system-out/>
  <testcase classname="TC.tc4_1" name="testPrintCenterWidgeFirefox" time="7.887"/>
  <system-out/>
</testsuite> <!-- TC.tc4_1 -->
