<?xml version="1.0" encoding="UTF-8"?>
<!-- Generated by org.testng.reporters.JUnitReportReporter -->
<testsuite hostname="WDSLT222" failures="0" tests="1" name="customerportal.development.local.CpautomationTests.SetCustomer" time="4.555" errors="0" timestamp="2023-06-12T11:09:12 EDT" skipped="0">
  <testcase classname="customerportal.development.local.CpautomationTests.SetCustomer" name="testDropdownSubMenuInEdge" time="4.555"/>
  <system-out/>
</testsuite> <!-- customerportal.development.local.CpautomationTests.SetCustomer -->
