<?xml version="1.0" encoding="UTF-8"?>
<!-- Generated by org.testng.reporters.JUnitReportReporter -->
<testsuite hostname="WDSLT222" failures="0" tests="3" name="TC.tc2_1" time="10.118" errors="0" timestamp="2023-06-21T14:20:12 EDT" skipped="0">
  <testcase classname="TC.tc2_1" name="testLoginFirefox" time="3.815"/>
  <system-out/>
  <testcase classname="TC.tc2_1" name="testLoginChrome" time="2.919"/>
  <system-out/>
  <testcase classname="TC.tc2_1" name="testLoginEdge" time="3.384"/>
  <system-out/>
</testsuite> <!-- TC.tc2_1 -->
