<?xml version="1.0" encoding="UTF-8"?>
<!-- Generated by org.testng.reporters.JUnitReportReporter -->
<testsuite hostname="WDSLT222" failures="0" tests="3" name="TC.tc4_3" time="20.698" errors="0" timestamp="2023-06-21T14:20:12 EDT" skipped="0">
  <testcase classname="TC.tc4_3" name="testWidgetHoverEffectChrome" time="5.025"/>
  <system-out/>
  <testcase classname="TC.tc4_3" name="testWidgetHoverEffectEdge" time="8.870"/>
  <system-out/>
  <testcase classname="TC.tc4_3" name="testWidgetHoverEffectFirefox" time="6.803"/>
  <system-out/>
</testsuite> <!-- TC.tc4_3 -->
