<?xml version="1.0" encoding="UTF-8"?>
<!-- Generated by org.testng.reporters.JUnitReportReporter -->
<testsuite hostname="WDSLT222" failures="0" tests="3" name="TC.tc2_4_1" time="9.282" errors="0" timestamp="2023-06-21T14:20:12 EDT" skipped="0">
  <testcase classname="TC.tc2_4_1" name="testBlankUsernamePasswordEdge" time="3.645"/>
  <system-out/>
  <testcase classname="TC.tc2_4_1" name="testBlankUsernamePasswordChrome" time="1.418"/>
  <system-out/>
  <testcase classname="TC.tc2_4_1" name="testBlankUsernamePasswordFirefox" time="4.219"/>
  <system-out/>
</testsuite> <!-- TC.tc2_4_1 -->
