<?xml version="1.0" encoding="UTF-8"?>
<!-- Generated by org.testng.reporters.JUnitReportReporter -->
<testsuite hostname="WDSLT222" failures="0" tests="3" name="TC.tc1_1" time="8.445" errors="0" timestamp="2023-06-21T14:20:12 EDT" skipped="0">
  <testcase classname="TC.tc1_1" name="testFeedbackSubmissionInEdge" time="3.055"/>
  <system-out/>
  <testcase classname="TC.tc1_1" name="testFeedbackSubmissionInChrome" time="2.435"/>
  <system-out/>
  <testcase classname="TC.tc1_1" name="testFeedbackSubmissionInFirefox" time="2.955"/>
  <system-out/>
</testsuite> <!-- TC.tc1_1 -->
