<?xml version="1.0" encoding="UTF-8"?>
<!-- Generated by org.testng.reporters.JUnitReportReporter -->
<testsuite hostname="WDSLT222" failures="0" tests="3" name="TC.tc4_5" time="20.493" errors="0" timestamp="2023-06-21T14:20:12 EDT" skipped="0">
  <testcase classname="TC.tc4_5" name="testWidgetHoverEffectChrome" time="5.382"/>
  <system-out/>
  <testcase classname="TC.tc4_5" name="testWidgetHoverEffectEdge" time="7.623"/>
  <system-out/>
  <testcase classname="TC.tc4_5" name="testWidgetHoverEffectFirefox" time="7.488"/>
  <system-out/>
</testsuite> <!-- TC.tc4_5 -->
