<?xml version="1.0" encoding="UTF-8"?>
<!-- Generated by org.testng.reporters.JUnitReportReporter -->
<testsuite hostname="WDSLT222" failures="0" tests="3" name="TC.tc4_6" time="21.081" errors="0" timestamp="2023-06-21T14:20:12 EDT" skipped="0">
  <testcase classname="TC.tc4_6" name="testWidgetHoverEffectChrome" time="5.107"/>
  <system-out/>
  <testcase classname="TC.tc4_6" name="testWidgetHoverEffectEdge" time="7.496"/>
  <system-out/>
  <testcase classname="TC.tc4_6" name="testWidgetHoverEffectFirefox" time="8.478"/>
  <system-out/>
</testsuite> <!-- TC.tc4_6 -->
