<?xml version="1.0" encoding="UTF-8"?>
<!-- Generated by org.testng.reporters.JUnitReportReporter -->
<testsuite hostname="WDSLT222" failures="0" tests="3" name="TC.tc3_7_1" time="11.118" errors="0" timestamp="2023-06-21T14:20:12 EDT" skipped="0">
  <testcase classname="TC.tc3_7_1" name="testWebviewLoadsRedirectEdge" time="4.184"/>
  <system-out/>
  <testcase classname="TC.tc3_7_1" name="testWebviewLoadsRedirectChrome" time="2.981"/>
  <system-out/>
  <testcase classname="TC.tc3_7_1" name="testWebviewLoadsRedirectFirefox" time="3.953"/>
  <system-out/>
</testsuite> <!-- TC.tc3_7_1 -->
