<?xml version="1.0" encoding="UTF-8"?>
<!-- Generated by org.testng.reporters.JUnitReportReporter -->
<testsuite hostname="WDSLT222" failures="0" tests="3" name="TC.tc2_1_1" time="9.102" errors="0" timestamp="2023-06-21T14:20:12 EDT" skipped="0">
  <testcase classname="TC.tc2_1_1" name="testBadEmailLoginChrome" time="2.097"/>
  <system-out/>
  <testcase classname="TC.tc2_1_1" name="testBadEmailLoginEdge" time="3.272"/>
  <system-out/>
  <testcase classname="TC.tc2_1_1" name="testbademailLoginFirefox" time="3.733"/>
  <system-out/>
</testsuite> <!-- TC.tc2_1_1 -->
