<?xml version="1.0" encoding="UTF-8"?>
<!-- Generated by org.testng.reporters.JUnitReportReporter -->
<testsuite hostname="WDSLT222" failures="0" tests="3" name="TC.tc4_5_1" time="25.504" errors="0" timestamp="2023-06-21T14:20:12 EDT" skipped="0">
  <testcase classname="TC.tc4_5_1" name="testDocumentLibraryLinkChrome" time="6.699"/>
  <system-out/>
  <testcase classname="TC.tc4_5_1" name="testDocumentLibraryLinkEdge" time="8.700"/>
  <system-out/>
  <testcase classname="TC.tc4_5_1" name="testDocumentLibraryLinkFirefox" time="10.105"/>
  <system-out/>
</testsuite> <!-- TC.tc4_5_1 -->
