<?xml version="1.0" encoding="UTF-8"?>
<!-- Generated by org.testng.reporters.JUnitReportReporter -->
<testsuite hostname="WDSLT222" failures="0" tests="3" name="TC.tc4_8" time="10.886" errors="0" timestamp="2023-06-21T14:20:12 EDT" skipped="0">
  <testcase classname="TC.tc4_8" name="testProductsElementChromne" time="2.818"/>
  <system-out/>
  <testcase classname="TC.tc4_8" name="testProductsElementEdge" time="3.945"/>
  <system-out/>
  <testcase classname="TC.tc4_8" name="testProductsElementFirefox" time="4.123"/>
  <system-out/>
</testsuite> <!-- TC.tc4_8 -->
