<?xml version="1.0" encoding="UTF-8"?>
<!-- Generated by org.testng.reporters.JUnitReportReporter -->
<testsuite hostname="WDSLT222" failures="0" tests="3" name="TC.tc4_6_1" time="20.217" errors="0" timestamp="2023-06-21T14:20:12 EDT" skipped="0">
  <testcase classname="TC.tc4_6_1" name="testDocumentLibraryLinkChrome" time="4.749"/>
  <system-out/>
  <testcase classname="TC.tc4_6_1" name="testDocumentLibraryLinkEdge" time="6.800"/>
  <system-out/>
  <testcase classname="TC.tc4_6_1" name="testDocumentLibraryLinkFirefox" time="8.668"/>
  <system-out/>
</testsuite> <!-- TC.tc4_6_1 -->
