<?xml version="1.0" encoding="UTF-8"?>
<!-- Generated by org.testng.reporters.JUnitReportReporter -->
<testsuite hostname="WDSLT222" failures="0" tests="3" name="TC.tc4_2" time="21.171" errors="0" timestamp="2023-06-21T14:20:12 EDT" skipped="0">
  <testcase classname="TC.tc4_2" name="testWidgetHoverEffectChrome" time="6.680"/>
  <system-out/>
  <testcase classname="TC.tc4_2" name="testWidgetHoverEffectEdge" time="7.477"/>
  <system-out/>
  <testcase classname="TC.tc4_2" name="testWidgetHoverEffectFirefox" time="7.014"/>
  <system-out/>
</testsuite> <!-- TC.tc4_2 -->
