<?xml version="1.0" encoding="UTF-8"?>
<!-- Generated by org.testng.reporters.JUnitReportReporter -->
<testsuite hostname="WDSLT222" failures="0" tests="3" name="TC.tc3_3_1" time="11.426" errors="0" timestamp="2023-06-21T14:20:12 EDT" skipped="0">
  <testcase classname="TC.tc3_3_1" name="testWebviewLoadsRedirectEdge" time="4.229"/>
  <system-out/>
  <testcase classname="TC.tc3_3_1" name="testWebviewLoadsRedirectChrome" time="3.094"/>
  <system-out/>
  <testcase classname="TC.tc3_3_1" name="testWebviewLoadsRedirectFirefox" time="4.103"/>
  <system-out/>
</testsuite> <!-- TC.tc3_3_1 -->
