<?xml version="1.0" encoding="UTF-8"?>
<!-- Generated by org.testng.reporters.JUnitReportReporter -->
<testsuite hostname="WDSLT222" failures="0" tests="3" name="TC.tc5_3" time="16.069" errors="0" timestamp="2023-06-28T15:35:49 EDT" skipped="0">
  <testcase classname="TC.tc5_3" name="emeptyVinSearchtestChrome" time="4.562"/>
  <system-out/>
  <testcase classname="TC.tc5_3" name="emeptyVinSearchTestEdge" time="5.314"/>
  <system-out/>
  <testcase classname="TC.tc5_3" name="emptyVinSearchTestFirefox" time="6.193"/>
  <system-out/>
</testsuite> <!-- TC.tc5_3 -->
