<?xml version="1.0" encoding="UTF-8"?>
<!-- Generated by org.testng.reporters.JUnitReportReporter -->
<testsuite hostname="WDSLT222" failures="0" tests="3" name="TC.tc4_9$tc4_8" time="11.141" errors="0" timestamp="2023-06-21T14:20:12 EDT" skipped="0">
  <testcase classname="TC.tc4_9$tc4_8" name="testProductsElementChromne" time="3.136"/>
  <system-out/>
  <testcase classname="TC.tc4_9$tc4_8" name="testProductsElementEdge" time="4.010"/>
  <system-out/>
  <testcase classname="TC.tc4_9$tc4_8" name="testProductsElementFirefox" time="3.995"/>
  <system-out/>
</testsuite> <!-- TC.tc4_9$tc4_8 -->
