<?xml version="1.0" encoding="UTF-8"?>
<!-- Generated by org.testng.reporters.JUnitReportReporter -->
<testsuite hostname="WDSLT222" failures="0" tests="3" name="TC.tc2_6_1" time="8.375" errors="0" timestamp="2023-06-21T14:20:12 EDT" skipped="0">
  <testcase classname="TC.tc2_6_1" name="testForgotPasswordChrome" time="1.121"/>
  <system-out/>
  <testcase classname="TC.tc2_6_1" name="testForgotPasswordEdge" time="3.447"/>
  <system-out/>
  <testcase classname="TC.tc2_6_1" name="testForgotPasswordFirefox" time="3.807"/>
  <system-out/>
</testsuite> <!-- TC.tc2_6_1 -->
