<?xml version="1.0" encoding="UTF-8"?>
<!-- Generated by org.testng.reporters.JUnitReportReporter -->
<testsuite hostname="WDSLT222" failures="0" tests="3" name="TC.tc3_6" time="15.665" errors="0" timestamp="2023-06-21T14:20:12 EDT" skipped="0">
  <testcase classname="TC.tc3_6" name="testEnterMultipleVinsChrome" time="7.155"/>
  <system-out/>
  <testcase classname="TC.tc3_6" name="testEnterMultipleVinsEdge" time="4.209"/>
  <system-out/>
  <testcase classname="TC.tc3_6" name="testEnterMultipleVinsFirefox" time="4.301"/>
  <system-out/>
</testsuite> <!-- TC.tc3_6 -->
