<?xml version="1.0" encoding="UTF-8"?>
<!-- Generated by org.testng.reporters.JUnitReportReporter -->
<testsuite hostname="WDSLT222" failures="0" tests="3" name="TC.tc4_4" time="19.789" errors="0" timestamp="2023-06-21T14:20:12 EDT" skipped="0">
  <testcase classname="TC.tc4_4" name="testWidgetHoverEffectChrome" time="5.730"/>
  <system-out/>
  <testcase classname="TC.tc4_4" name="testWidgetHoverEffectEdge" time="7.096"/>
  <system-out/>
  <testcase classname="TC.tc4_4" name="testWidgetHoverEffectFirefox" time="6.963"/>
  <system-out/>
</testsuite> <!-- TC.tc4_4 -->
