<?xml version="1.0" encoding="UTF-8"?>
<!-- Generated by org.testng.reporters.JUnitReportReporter -->
<testsuite hostname="WDSLT222" failures="0" tests="3" name="TC.tc2_2" time="10.559" errors="0" timestamp="2023-06-21T14:20:12 EDT" skipped="0">
  <testcase classname="TC.tc2_2" name="testLoginCaseSensitiveEdge" time="4.192"/>
  <system-out/>
  <testcase classname="TC.tc2_2" name="testLoginCaseSensitiveChrome" time="2.092"/>
  <system-out/>
  <testcase classname="TC.tc2_2" name="testLoginCaseSensitiveFireox" time="4.275"/>
  <system-out/>
</testsuite> <!-- TC.tc2_2 -->
