<?xml version="1.0" encoding="UTF-8"?>
<!-- Generated by org.testng.reporters.JUnitReportReporter -->
<testsuite hostname="WDSLT222" failures="0" tests="3" name="TC.tc4_7_1$tc4_5_1" time="26.154" errors="0" timestamp="2023-06-21T14:20:12 EDT" skipped="0">
  <testcase classname="TC.tc4_7_1$tc4_5_1" name="testDocumentLibraryLinkChrome" time="6.560"/>
  <system-out/>
  <testcase classname="TC.tc4_7_1$tc4_5_1" name="testDocumentLibraryLinkEdge" time="9.139"/>
  <system-out/>
  <testcase classname="TC.tc4_7_1$tc4_5_1" name="testDocumentLibraryLinkFirefox" time="10.455"/>
  <system-out/>
</testsuite> <!-- TC.tc4_7_1$tc4_5_1 -->
