<?xml version="1.0" encoding="UTF-8"?>
<!-- Generated by org.testng.reporters.JUnitReportReporter -->
<testsuite hostname="WDSLT222" failures="0" tests="3" name="TC.tc4_4_1" time="20.972" errors="0" timestamp="2023-06-21T14:20:12 EDT" skipped="0">
  <testcase classname="TC.tc4_4_1" name="testWidgetHoverEffectChrome" time="6.351"/>
  <system-out/>
  <testcase classname="TC.tc4_4_1" name="testWidgetHoverEffectEdge" time="7.009"/>
  <system-out/>
  <testcase classname="TC.tc4_4_1" name="testWidgetHoverEffectFirefox" time="7.612"/>
  <system-out/>
</testsuite> <!-- TC.tc4_4_1 -->
